Starting server with Config HP="127.0.0.1:13662"|T="28800000"|R="false"|L="info"
time="2026-03-18T17:58:43-03:00" level=info msg="Creating root@localhost superuser"
time="2026-03-18T17:58:43-03:00" level=info msg="Server ready. Accepting connections."
time="2026-03-18T17:58:43-03:00" level=warning msg="secure_file_priv is set to \"\", which is insecure."
time="2026-03-18T17:58:43-03:00" level=warning msg="Any user with GRANT FILE privileges will be able to read any file which the sql-server process can read."
time="2026-03-18T17:58:43-03:00" level=warning msg="Please consider restarting the server with secure_file_priv set to a safe (or non-existent) directory."
time="2026-03-18T17:58:44-03:00" level=info msg=NewConnection DisableClientMultiStatements=false connectionID=1
time="2026-03-18T17:58:44-03:00" level=info msg=ConnectionClosed connectionID=1
time="2026-03-18T17:58:44-03:00" level=info msg=NewConnection DisableClientMultiStatements=false connectionID=2
time="2026-03-18T17:58:44-03:00" level=info msg=ConnectionClosed connectionID=2
time="2026-03-18T17:58:44-03:00" level=info msg=NewConnection DisableClientMultiStatements=false connectionID=3
time="2026-03-18T17:58:44-03:00" level=info msg=ConnectionClosed connectionID=3
time="2026-03-18T17:58:44-03:00" level=info msg=NewConnection DisableClientMultiStatements=false connectionID=4
time="2026-03-18T17:58:44-03:00" level=info msg=ConnectionClosed connectionID=4
time="2026-03-18T17:58:44-03:00" level=info msg=NewConnection DisableClientMultiStatements=false connectionID=5
time="2026-03-18T17:58:44-03:00" level=info msg=ConnectionClosed connectionID=5
time="2026-03-18T17:58:44-03:00" level=info msg=NewConnection DisableClientMultiStatements=false connectionID=6
time="2026-03-18T17:58:44-03:00" level=info msg=ConnectionClosed connectionID=6
time="2026-03-18T17:58:44-03:00" level=info msg=NewConnection DisableClientMultiStatements=false connectionID=7
time="2026-03-18T17:58:44-03:00" level=info msg=ConnectionClosed connectionID=7
time="2026-03-18T17:59:09-03:00" level=info msg=NewConnection DisableClientMultiStatements=false connectionID=8
time="2026-03-18T17:59:09-03:00" level=info msg=ConnectionClosed connectionID=8
time="2026-03-18T17:59:09-03:00" level=info msg=NewConnection DisableClientMultiStatements=false connectionID=9
time="2026-03-18T17:59:09-03:00" level=info msg=ConnectionClosed connectionID=9
time="2026-03-18T17:59:09-03:00" level=info msg=NewConnection DisableClientMultiStatements=false connectionID=10
time="2026-03-18T17:59:09-03:00" level=info msg=ConnectionClosed connectionID=10
time="2026-03-18T17:59:09-03:00" level=info msg=NewConnection DisableClientMultiStatements=false connectionID=11
time="2026-03-18T17:59:09-03:00" level=info msg=ConnectionClosed connectionID=11
time="2026-03-18T17:59:09-03:00" level=info msg=NewConnection DisableClientMultiStatements=false connectionID=12
time="2026-03-18T17:59:09-03:00" level=info msg=ConnectionClosed connectionID=12
time="2026-03-18T17:59:09-03:00" level=info msg=NewConnection DisableClientMultiStatements=false connectionID=13
time="2026-03-18T17:59:09-03:00" level=info msg=ConnectionClosed connectionID=13
time="2026-03-18T18:28:45-03:00" level=info msg=NewConnection DisableClientMultiStatements=false connectionID=14
time="2026-03-18T18:28:46-03:00" level=info msg=ConnectionClosed connectionID=14
time="2026-03-18T18:28:46-03:00" level=info msg="Server closing listener. No longer accepting connections."
time="2026-03-18T18:28:46-03:00" level=info msg="stats stopped: context canceled"
